    OpenRGB v0.9
    Commit: b5f46e3f1de03595656c682fc2f068b66e735e63 from 2023-07-09 22:51:47 -0500
    Launched: 20240309_221023
====================================================================================================

1101  |Info:    ------------------------------------------------------
1101  |Info:    |               Start device detection               |
1101  |Info:    ------------------------------------------------------
1102  |Info:    Initializing HID interfaces: Success
1149  |Info:    ------------------------------------------------------
1149  |Info:    |             Detecting I2C interfaces               |
1149  |Info:    ------------------------------------------------------
1150  |Info:    Registering I2C interface: /dev/i2c-3 Device 1022:790B Subsystem: 1458:5001
1150  |Info:    Registering I2C interface: /dev/i2c-1 Device 1022:790B Subsystem: 1458:5001
1151  |Info:    Registering I2C interface: /dev/i2c-8 Device 10DE:1F08 Subsystem: 19DA:2571
1151  |Info:    Registering I2C interface: /dev/i2c-6 Device 10DE:1F08 Subsystem: 19DA:2571
1152  |Info:    Registering I2C interface: /dev/i2c-4 Device 10DE:1F08 Subsystem: 19DA:2571
1152  |Info:    Registering I2C interface: /dev/i2c-2 Device 1022:790B Subsystem: 1458:5001
1153  |Info:    Registering I2C interface: /dev/i2c-0 Device 10DE:1ADB Subsystem: 19DA:2571
1153  |Info:    Registering I2C interface: /dev/i2c-9 Device 10DE:1F08 Subsystem: 19DA:2571
1153  |Info:    Registering I2C interface: /dev/i2c-7 Device 10DE:1F08 Subsystem: 19DA:2571
1154  |Info:    Registering I2C interface: /dev/i2c-5 Device 10DE:1F08 Subsystem: 19DA:2571
1154  |Info:    ------------------------------------------------------
1154  |Info:    |               Detecting I2C devices                |
1154  |Info:    ------------------------------------------------------
2287  |Info:    [ENE DRAM] Registering RGB controller
2452  |Info:    [ENE DRAM] Registering RGB controller
2564  |Info:    ------------------------------------------------------
2565  |Info:    |               Detecting I2C PCI devices            |
2565  |Info:    ------------------------------------------------------
2569  |Info:    ------------------------------------------------------
2569  |Info:    |               Detecting HID devices                |
2569  |Info:    ------------------------------------------------------
2747  |Info:    [X570 AORUS ELITE] Registering RGB controller
4018  |Info:    [NZXT Kraken X3 Series] Registering RGB controller
7145  |Info:    [NZXT Smart Device V2] Registering RGB controller
7145  |Info:    ------------------------------------------------------
7145  |Info:    |            Detecting libusb HID devices            |
7145  |Info:    ------------------------------------------------------
7348  |Info:    ------------------------------------------------------
7348  |Info:    |              Detecting other devices               |
7348  |Info:    ------------------------------------------------------
7429  |Info:    ------------------------------------------------------
7429  |Info:    |                Detection completed                 |
7429  |Info:    ------------------------------------------------------
