    OpenRGB v0.9
    Commit: b5f46e3f1de03595656c682fc2f068b66e735e63 from 2023-07-09 22:51:47 -0500
    Launched: 20240309_214056
====================================================================================================

1121  |Info:    Saving detector settings
1125  |Info:    ------------------------------------------------------
1125  |Info:    |               Start device detection               |
1125  |Info:    ------------------------------------------------------
1126  |Info:    Initializing HID interfaces: Success
1181  |Info:    ------------------------------------------------------
1181  |Info:    |             Detecting I2C interfaces               |
1181  |Info:    ------------------------------------------------------
1182  |Info:    Registering I2C interface: /dev/i2c-3 Device 10DE:1F08 Subsystem: 19DA:2571
1183  |Info:    Registering I2C interface: /dev/i2c-6 Device 10DE:1F08 Subsystem: 19DA:2571
1183  |Info:    Registering I2C interface: /dev/i2c-2 Device 10DE:1F08 Subsystem: 19DA:2571
1184  |Info:    Registering I2C interface: /dev/i2c-5 Device 10DE:1F08 Subsystem: 19DA:2571
1184  |Info:    ------------------------------------------------------
1184  |Info:    |               Detecting I2C devices                |
1184  |Info:    ------------------------------------------------------
1202  |Info:    ------------------------------------------------------
1202  |Info:    |               Detecting I2C PCI devices            |
1202  |Info:    ------------------------------------------------------
1204  |Info:    ------------------------------------------------------
1204  |Info:    |               Detecting HID devices                |
1204  |Info:    ------------------------------------------------------
1386  |Info:    [X570 AORUS ELITE] Registering RGB controller
2688  |Info:    [NZXT Kraken X3 Series] Registering RGB controller
5538  |Info:    [NZXT Smart Device V2] Registering RGB controller
5539  |Info:    ------------------------------------------------------
5539  |Info:    |            Detecting libusb HID devices            |
5539  |Info:    ------------------------------------------------------
5674  |Info:    ------------------------------------------------------
5674  |Info:    |              Detecting other devices               |
5674  |Info:    ------------------------------------------------------
5738  |Info:    ------------------------------------------------------
5738  |Info:    |                Detection completed                 |
5738  |Info:    ------------------------------------------------------
5738  |Dialog:  <h2>WARNING:</h2><p>The OpenRGB udev rules are not installed.</p><p>Most devices will not be available unless running OpenRGB as root.</p><p>If using AppImage, Flatpak, or self-compiled versions of OpenRGB you must install the udev rules manually</p><p>See <a href='https://openrgb.org/udev'>https://openrgb.org/udev</a> to install the udev rules manually</p>
