    OpenRGB v0.9
    Commit: b5f46e3f1de03595656c682fc2f068b66e735e63 from 2023-07-09 22:51:47 -0500
    Launched: 20240309_214246
====================================================================================================

1107  |Info:    ------------------------------------------------------
1107  |Info:    |               Start device detection               |
1107  |Info:    ------------------------------------------------------
1108  |Info:    Initializing HID interfaces: Success
1159  |Info:    ------------------------------------------------------
1159  |Info:    |             Detecting I2C interfaces               |
1159  |Info:    ------------------------------------------------------
1159  |Info:    Registering I2C interface: /dev/i2c-3 Device 10DE:1F08 Subsystem: 19DA:2571
1160  |Info:    Registering I2C interface: /dev/i2c-6 Device 10DE:1F08 Subsystem: 19DA:2571
1160  |Info:    Registering I2C interface: /dev/i2c-2 Device 10DE:1F08 Subsystem: 19DA:2571
1161  |Info:    Registering I2C interface: /dev/i2c-5 Device 10DE:1F08 Subsystem: 19DA:2571
1161  |Info:    ------------------------------------------------------
1161  |Info:    |               Detecting I2C devices                |
1161  |Info:    ------------------------------------------------------
1172  |Info:    ------------------------------------------------------
1172  |Info:    |               Detecting I2C PCI devices            |
1172  |Info:    ------------------------------------------------------
1174  |Info:    ------------------------------------------------------
1174  |Info:    |               Detecting HID devices                |
1174  |Info:    ------------------------------------------------------
1348  |Info:    [X570 AORUS ELITE] Registering RGB controller
2791  |Info:    [NZXT Kraken X3 Series] Registering RGB controller
6171  |Info:    [NZXT Smart Device V2] Registering RGB controller
6171  |Info:    ------------------------------------------------------
6171  |Info:    |            Detecting libusb HID devices            |
6171  |Info:    ------------------------------------------------------
6380  |Info:    ------------------------------------------------------
6380  |Info:    |              Detecting other devices               |
6380  |Info:    ------------------------------------------------------
6452  |Info:    ------------------------------------------------------
6452  |Info:    |                Detection completed                 |
6452  |Info:    ------------------------------------------------------
6452  |Dialog:  <h2>WARNING:</h2><p>One or more I2C/SMBus interfaces failed to initialize.</p><p>RGB DRAM modules and some motherboards' onboard RGB lighting will not be available without I2C/SMBus.</p><p>On Linux, this is usually because the i2c-dev module is not loaded.  You must load the i2c-dev module along with the correct i2c driver for your motherboard.  This is usually i2c-piix4 for AMD systems and i2c-i801 for Intel systems.</p><p>See <a href='https://help.openrgb.org/'>help.openrgb.org</a> for additional troubleshooting steps if you keep seeing this message.<br></p>
