    OpenRGB v0.9
    Commit: b5f46e3f1de03595656c682fc2f068b66e735e63 from 2023-07-09 22:51:47 -0500
    Launched: 20240309_220415
====================================================================================================

1111  |Info:    ------------------------------------------------------
1111  |Info:    |               Start device detection               |
1111  |Info:    ------------------------------------------------------
1112  |Info:    Initializing HID interfaces: Success
1162  |Info:    ------------------------------------------------------
1162  |Info:    |             Detecting I2C interfaces               |
1162  |Info:    ------------------------------------------------------
1163  |Info:    Registering I2C interface: /dev/i2c-3 Device 1022:790B Subsystem: 1458:5001
1163  |Info:    Registering I2C interface: /dev/i2c-8 Device 10DE:1F08 Subsystem: 19DA:2571
1164  |Info:    Registering I2C interface: /dev/i2c-4 Device 10DE:1F08 Subsystem: 19DA:2571
1164  |Info:    Registering I2C interface: /dev/i2c-0 Device 10DE:1ADB Subsystem: 19DA:2571
1164  |Info:    Registering I2C interface: /dev/i2c-7 Device 10DE:1F08 Subsystem: 19DA:2571
1165  |Info:    Registering I2C interface: /dev/i2c-5 Device 10DE:1F08 Subsystem: 19DA:2571
1165  |Info:    ------------------------------------------------------
1165  |Info:    |               Detecting I2C devices                |
1165  |Info:    ------------------------------------------------------
1460  |Info:    ------------------------------------------------------
1460  |Info:    |               Detecting I2C PCI devices            |
1460  |Info:    ------------------------------------------------------
1463  |Info:    ------------------------------------------------------
1463  |Info:    |               Detecting HID devices                |
1463  |Info:    ------------------------------------------------------
1636  |Info:    [X570 AORUS ELITE] Registering RGB controller
2914  |Info:    [NZXT Kraken X3 Series] Registering RGB controller
6359  |Info:    [NZXT Smart Device V2] Registering RGB controller
6359  |Info:    ------------------------------------------------------
6359  |Info:    |            Detecting libusb HID devices            |
6359  |Info:    ------------------------------------------------------
6577  |Info:    ------------------------------------------------------
6577  |Info:    |              Detecting other devices               |
6577  |Info:    ------------------------------------------------------
6642  |Info:    ------------------------------------------------------
6642  |Info:    |                Detection completed                 |
6642  |Info:    ------------------------------------------------------
6642  |Dialog:  <h2>WARNING:</h2><p>One or more I2C/SMBus interfaces failed to initialize.</p><p>RGB DRAM modules and some motherboards' onboard RGB lighting will not be available without I2C/SMBus.</p><p>On Linux, this is usually because the i2c-dev module is not loaded.  You must load the i2c-dev module along with the correct i2c driver for your motherboard.  This is usually i2c-piix4 for AMD systems and i2c-i801 for Intel systems.</p><p>See <a href='https://help.openrgb.org/'>help.openrgb.org</a> for additional troubleshooting steps if you keep seeing this message.<br></p>
